gradleBuild/outputs/logs/manifest-merger-release-report.txt
-- Merging decision tree log ---
manifest
ADDED from AndroidStudioProjects/EcoScan/AndroidManifest.xml:16:1-91:12
INJECTED from AndroidStudioProjects/EcoScan/AndroidManifest.xml:16:1-91:12
INJECTED from AndroidStudioProjects/EcoScan/AndroidManifest.xml:16:1-91:12
MERGED from [org.tensorflow:tensorflow-android:1.10.0] AndroidManifest.xml:2:1-8:12
MERGED from [com.android.support:design:26.1.0] AndroidManifest.xml:17:1-31:12
MERGED from [com.android.support:appcompat-v7:26.1.0] AndroidManifest.xml:17:1-31:12
MERGED from [com.android.support:transition:26.1.0] AndroidManifest.xml:17:1-28:12
MERGED from [me.dm7.barcodescanner:zxing:1.9] AndroidManifest.xml:2:1-13:12
MERGED from [me.dm7.barcodescanner:core:1.9] AndroidManifest.xml:2:1-13:12
MERGED from [com.android.support:support-v4:26.1.0] AndroidManifest.xml:17:1-31:12
MERGED from [com.android.support.constraint:constraint-layout:1.0.2] AndroidManifest.xml:2:1-11:12
MERGED from [com.getbase:floatingactionbutton:1.7.0] AndroidManifest.xml:2:1-14:12
MERGED from [com.android.support:animated-vector-drawable:26.1.0] AndroidManifest.xml:17:1-28:12
MERGED from [com.android.support:recyclerview-v7:26.1.0] AndroidManifest.xml:17:1-28:12
MERGED from [com.android.support:support-fragment:26.1.0] AndroidManifest.xml:17:1-31:12
MERGED from [com.android.support:support-core-ui:26.1.0] AndroidManifest.xml:17:1-31:12
MERGED from [com.android.support:support-vector-drawable:26.1.0] AndroidManifest.xml:17:1-28:12
MERGED from [com.android.support:support-media-compat:26.1.0] AndroidManifest.xml:17:1-31:12
MERGED from [com.android.support:support-core-utils:26.1.0] AndroidManifest.xml:17:1-31:12
MERGED from [com.android.support:support-compat:26.1.0] AndroidManifest.xml:17:1-31:12
MERGED from [android.arch.lifecycle:runtime:1.0.0] AndroidManifest.xml:17:1-30:12
INJECTED from AndroidStudioProjects/EcoScan/AndroidManifest.xml:16:1-91:12
INJECTED from AndroidStudioProjects/EcoScan/AndroidManifest.xml:16:1-91:12
	package
		ADDED from AndroidStudioProjects/EcoScan/AndroidManifest.xml:17:5-34
	android:versionName
		INJECTED from AndroidStudioProjects/EcoScan/AndroidManifest.xml
		ADDED from AndroidStudioProjects/EcoScan/AndroidManifest.xml:16:1-91:12
		INJECTED from AndroidStudioProjects/EcoScan/AndroidManifest.xml
	android:versionCode
		INJECTED from AndroidStudioProjects/EcoScan/AndroidManifest.xml
		ADDED from AndroidStudioProjects/EcoScan/AndroidManifest.xml:16:1-91:12
		INJECTED from AndroidStudioProjects/EcoScan/AndroidManifest.xml
	xmlns:android
		ADDED from AndroidStudioProjects/EcoScan/AndroidManifest.xml:16:11-69
uses-sdk
ADDED from AndroidStudioProjects/EcoScan/AndroidManifest.xml:19:5-21:41
INJECTED from AndroidStudioProjects/EcoScan/AndroidManifest.xml:19:5-21:41
INJECTED from AndroidStudioProjects/EcoScan/AndroidManifest.xml:19:5-21:41
MERGED from [com.android.support:design:26.1.0] AndroidManifest.xml:21:5-23:62
MERGED from [com.android.support:design:26.1.0] AndroidManifest.xml:21:5-23:62
MERGED from [com.android.support:appcompat-v7:26.1.0] AndroidManifest.xml:21:5-23:78
MERGED from [com.android.support:appcompat-v7:26.1.0] AndroidManifest.xml:21:5-23:78
MERGED from [com.android.support:transition:26.1.0] AndroidManifest.xml:20:5-44
MERGED from [com.android.support:transition:26.1.0] AndroidManifest.xml:20:5-44
MERGED from [me.dm7.barcodescanner:zxing:1.9] AndroidManifest.xml:7:5-9:41
MERGED from [me.dm7.barcodescanner:zxing:1.9] AndroidManifest.xml:7:5-9:41
MERGED from [me.dm7.barcodescanner:core:1.9] AndroidManifest.xml:7:5-9:41
MERGED from [me.dm7.barcodescanner:core:1.9] AndroidManifest.xml:7:5-9:41
MERGED from [com.android.support:support-v4:26.1.0] AndroidManifest.xml:21:5-23:54
MERGED from [com.android.support:support-v4:26.1.0] AndroidManifest.xml:21:5-23:54
MERGED from [com.android.support.constraint:constraint-layout:1.0.2] AndroidManifest.xml:5:5-7:41
MERGED from [com.android.support.constraint:constraint-layout:1.0.2] AndroidManifest.xml:5:5-7:41
MERGED from [com.getbase:floatingactionbutton:1.7.0] AndroidManifest.xml:8:5-10:41
MERGED from [com.getbase:floatingactionbutton:1.7.0] AndroidManifest.xml:8:5-10:41
MERGED from [com.android.support:animated-vector-drawable:26.1.0] AndroidManifest.xml:20:5-44
MERGED from [com.android.support:animated-vector-drawable:26.1.0] AndroidManifest.xml:20:5-44
MERGED from [com.android.support:recyclerview-v7:26.1.0] AndroidManifest.xml:20:5-44
MERGED from [com.android.support:recyclerview-v7:26.1.0] AndroidManifest.xml:20:5-44
MERGED from [com.android.support:support-fragment:26.1.0] AndroidManifest.xml:21:5-23:60
MERGED from [com.android.support:support-fragment:26.1.0] AndroidManifest.xml:21:5-23:60
MERGED from [com.android.support:support-core-ui:26.1.0] AndroidManifest.xml:21:5-23:58
MERGED from [com.android.support:support-core-ui:26.1.0] AndroidManifest.xml:21:5-23:58
MERGED from [com.android.support:support-vector-drawable:26.1.0] AndroidManifest.xml:20:5-44
MERGED from [com.android.support:support-vector-drawable:26.1.0] AndroidManifest.xml:20:5-44
MERGED from [com.android.support:support-media-compat:26.1.0] AndroidManifest.xml:21:5-23:63
MERGED from [com.android.support:support-media-compat:26.1.0] AndroidManifest.xml:21:5-23:63
MERGED from [com.android.support:support-core-utils:26.1.0] AndroidManifest.xml:21:5-23:61
MERGED from [com.android.support:support-core-utils:26.1.0] AndroidManifest.xml:21:5-23:61
MERGED from [com.android.support:support-compat:26.1.0] AndroidManifest.xml:21:5-23:58
MERGED from [com.android.support:support-compat:26.1.0] AndroidManifest.xml:21:5-23:58
MERGED from [android.arch.lifecycle:runtime:1.0.0] AndroidManifest.xml:20:5-22:41
MERGED from [android.arch.lifecycle:runtime:1.0.0] AndroidManifest.xml:20:5-22:41
INJECTED from AndroidStudioProjects/EcoScan/AndroidManifest.xml:19:5-21:41
INJECTED from AndroidStudioProjects/EcoScan/AndroidManifest.xml:19:5-21:41
	tools:overrideLibrary
		ADDED from [com.android.support:design:26.1.0] AndroidManifest.xml:23:9-59
	android:targetSdkVersion
		ADDED from AndroidStudioProjects/EcoScan/AndroidManifest.xml:21:9-38
		INJECTED from AndroidStudioProjects/EcoScan/AndroidManifest.xml
		INJECTED from AndroidStudioProjects/EcoScan/AndroidManifest.xml
	android:minSdkVersion
		ADDED from AndroidStudioProjects/EcoScan/AndroidManifest.xml:20:9-35
		INJECTED from AndroidStudioProjects/EcoScan/AndroidManifest.xml
		INJECTED from AndroidStudioProjects/EcoScan/AndroidManifest.xml
uses-permission#android.permission.CAMERA
ADDED from AndroidStudioProjects/EcoScan/AndroidManifest.xml:23:5-65
	android:name
		ADDED from AndroidStudioProjects/EcoScan/AndroidManifest.xml:23:22-62
uses-feature#android.hardware.camera
ADDED from AndroidStudioProjects/EcoScan/AndroidManifest.xml:25:5-60
	android:name
		ADDED from AndroidStudioProjects/EcoScan/AndroidManifest.xml:25:19-57
uses-feature#android.hardware.camera.autofocus
ADDED from AndroidStudioProjects/EcoScan/AndroidManifest.xml:26:5-70
	android:name
		ADDED from AndroidStudioProjects/EcoScan/AndroidManifest.xml:26:19-67
uses-permission#android.permission.WRITE_EXTERNAL_STORAGE
ADDED from AndroidStudioProjects/EcoScan/AndroidManifest.xml:28:5-81
	android:name
		ADDED from AndroidStudioProjects/EcoScan/AndroidManifest.xml:28:22-78
uses-permission#android.permission.RECORD_AUDIO
ADDED from AndroidStudioProjects/EcoScan/AndroidManifest.xml:29:5-71
	android:name
		ADDED from AndroidStudioProjects/EcoScan/AndroidManifest.xml:29:22-68
uses-permission#android.permission.READ_PHONE_STATE
ADDED from AndroidStudioProjects/EcoScan/AndroidManifest.xml:30:5-75
	android:name
		ADDED from AndroidStudioProjects/EcoScan/AndroidManifest.xml:30:22-72
uses-permission#android.permission.READ_EXTERNAL_STORAGE
ADDED from AndroidStudioProjects/EcoScan/AndroidManifest.xml:31:5-80
	android:name
		ADDED from AndroidStudioProjects/EcoScan/AndroidManifest.xml:31:22-77
application
ADDED from AndroidStudioProjects/EcoScan/AndroidManifest.xml:33:5-89:19
MERGED from [org.tensorflow:tensorflow-android:1.10.0] AndroidManifest.xml:5:5-6:19
MERGED from [org.tensorflow:tensorflow-android:1.10.0] AndroidManifest.xml:5:5-6:19
MERGED from [com.android.support:design:26.1.0] AndroidManifest.xml:25:5-29:19
MERGED from [com.android.support:design:26.1.0] AndroidManifest.xml:25:5-29:19
MERGED from [com.android.support:appcompat-v7:26.1.0] AndroidManifest.xml:25:5-29:19
MERGED from [com.android.support:appcompat-v7:26.1.0] AndroidManifest.xml:25:5-29:19
MERGED from [com.android.support:transition:26.1.0] AndroidManifest.xml:22:5-26:19
MERGED from [com.android.support:transition:26.1.0] AndroidManifest.xml:22:5-26:19
MERGED from [me.dm7.barcodescanner:zxing:1.9] AndroidManifest.xml:11:5-20
MERGED from [me.dm7.barcodescanner:zxing:1.9] AndroidManifest.xml:11:5-20
MERGED from [me.dm7.barcodescanner:core:1.9] AndroidManifest.xml:11:5-20
MERGED from [me.dm7.barcodescanner:core:1.9] AndroidManifest.xml:11:5-20
MERGED from [com.android.support:support-v4:26.1.0] AndroidManifest.xml:25:5-29:19
MERGED from [com.android.support:support-v4:26.1.0] AndroidManifest.xml:25:5-29:19
MERGED from [com.android.support.constraint:constraint-layout:1.0.2] AndroidManifest.xml:9:5-20
MERGED from [com.android.support.constraint:constraint-layout:1.0.2] AndroidManifest.xml:9:5-20
MERGED from [com.getbase:floatingactionbutton:1.7.0] AndroidManifest.xml:12:5-20
MERGED from [com.getbase:floatingactionbutton:1.7.0] AndroidManifest.xml:12:5-20
MERGED from [com.android.support:animated-vector-drawable:26.1.0] AndroidManifest.xml:22:5-26:19
MERGED from [com.android.support:animated-vector-drawable:26.1.0] AndroidManifest.xml:22:5-26:19
MERGED from [com.android.support:recyclerview-v7:26.1.0] AndroidManifest.xml:22:5-26:19
MERGED from [com.android.support:recyclerview-v7:26.1.0] AndroidManifest.xml:22:5-26:19
MERGED from [com.android.support:support-fragment:26.1.0] AndroidManifest.xml:25:5-29:19
MERGED from [com.android.support:support-fragment:26.1.0] AndroidManifest.xml:25:5-29:19
MERGED from [com.android.support:support-core-ui:26.1.0] AndroidManifest.xml:25:5-29:19
MERGED from [com.android.support:support-core-ui:26.1.0] AndroidManifest.xml:25:5-29:19
MERGED from [com.android.support:support-vector-drawable:26.1.0] AndroidManifest.xml:22:5-26:19
MERGED from [com.android.support:support-vector-drawable:26.1.0] AndroidManifest.xml:22:5-26:19
MERGED from [com.android.support:support-media-compat:26.1.0] AndroidManifest.xml:25:5-29:19
MERGED from [com.android.support:support-media-compat:26.1.0] AndroidManifest.xml:25:5-29:19
MERGED from [com.android.support:support-core-utils:26.1.0] AndroidManifest.xml:25:5-29:19
MERGED from [com.android.support:support-core-utils:26.1.0] AndroidManifest.xml:25:5-29:19
MERGED from [com.android.support:support-compat:26.1.0] AndroidManifest.xml:25:5-29:19
MERGED from [com.android.support:support-compat:26.1.0] AndroidManifest.xml:25:5-29:19
MERGED from [android.arch.lifecycle:runtime:1.0.0] AndroidManifest.xml:24:5-28:19
MERGED from [android.arch.lifecycle:runtime:1.0.0] AndroidManifest.xml:24:5-28:19
	android:label
		ADDED from AndroidStudioProjects/EcoScan/AndroidManifest.xml:37:9-41
	android:debuggable
		ADDED from AndroidStudioProjects/EcoScan/AndroidManifest.xml:35:9-34
	android:icon
		ADDED from AndroidStudioProjects/EcoScan/AndroidManifest.xml:36:9-49
	android:allowBackup
		ADDED from AndroidStudioProjects/EcoScan/AndroidManifest.xml:34:9-35
	android:theme
		ADDED from AndroidStudioProjects/EcoScan/AndroidManifest.xml:38:9-45
activity#org.tensorflow.demo.SplashActivity
ADDED from AndroidStudioProjects/EcoScan/AndroidManifest.xml:39:9-48:20
	android:screenOrientation
		ADDED from AndroidStudioProjects/EcoScan/AndroidManifest.xml:42:13-49
	android:label
		ADDED from AndroidStudioProjects/EcoScan/AndroidManifest.xml:41:13-65
	android:name
		ADDED from AndroidStudioProjects/EcoScan/AndroidManifest.xml:40:13-43
intent-filter#action:name:android.intent.action.MAIN+category:name:android.intent.category.LAUNCHER
ADDED from AndroidStudioProjects/EcoScan/AndroidManifest.xml:43:13-47:29
action#android.intent.action.MAIN
ADDED from AndroidStudioProjects/EcoScan/AndroidManifest.xml:44:17-69
	android:name
		ADDED from AndroidStudioProjects/EcoScan/AndroidManifest.xml:44:25-66
category#android.intent.category.LAUNCHER
ADDED from AndroidStudioProjects/EcoScan/AndroidManifest.xml:46:17-77
	android:name
		ADDED from AndroidStudioProjects/EcoScan/AndroidManifest.xml:46:27-74
activity#org.tensorflow.demo.ClassifierActivity
ADDED from AndroidStudioProjects/EcoScan/AndroidManifest.xml:80:9-56
	android:name
		ADDED from AndroidStudioProjects/EcoScan/AndroidManifest.xml:80:19-53
activity#org.tensorflow.demo.IteminfoActivity
ADDED from AndroidStudioProjects/EcoScan/AndroidManifest.xml:81:9-54
	android:name
		ADDED from AndroidStudioProjects/EcoScan/AndroidManifest.xml:81:19-51
activity#org.tensorflow.demo.SettingActivity
ADDED from AndroidStudioProjects/EcoScan/AndroidManifest.xml:82:9-53
	android:name
		ADDED from AndroidStudioProjects/EcoScan/AndroidManifest.xml:82:19-50
activity#org.tensorflow.demo.Edititems
ADDED from AndroidStudioProjects/EcoScan/AndroidManifest.xml:83:9-84:65
	android:theme
		ADDED from AndroidStudioProjects/EcoScan/AndroidManifest.xml:84:13-63
	android:name
		ADDED from AndroidStudioProjects/EcoScan/AndroidManifest.xml:83:19-44
activity#org.tensorflow.demo.Main3Activity
ADDED from AndroidStudioProjects/EcoScan/AndroidManifest.xml:85:9-88:66
	android:label
		ADDED from AndroidStudioProjects/EcoScan/AndroidManifest.xml:87:13-32
	android:theme
		ADDED from AndroidStudioProjects/EcoScan/AndroidManifest.xml:88:13-63
	android:name
		ADDED from AndroidStudioProjects/EcoScan/AndroidManifest.xml:86:13-42
meta-data#android.support.VERSION
ADDED from [com.android.support:design:26.1.0] AndroidManifest.xml:26:9-28:38
MERGED from [com.android.support:appcompat-v7:26.1.0] AndroidManifest.xml:26:9-28:38
MERGED from [com.android.support:appcompat-v7:26.1.0] AndroidManifest.xml:26:9-28:38
MERGED from [com.android.support:transition:26.1.0] AndroidManifest.xml:23:9-25:38
MERGED from [com.android.support:transition:26.1.0] AndroidManifest.xml:23:9-25:38
MERGED from [com.android.support:support-v4:26.1.0] AndroidManifest.xml:26:9-28:38
MERGED from [com.android.support:support-v4:26.1.0] AndroidManifest.xml:26:9-28:38
MERGED from [com.android.support:animated-vector-drawable:26.1.0] AndroidManifest.xml:23:9-25:38
MERGED from [com.android.support:animated-vector-drawable:26.1.0] AndroidManifest.xml:23:9-25:38
MERGED from [com.android.support:recyclerview-v7:26.1.0] AndroidManifest.xml:23:9-25:38
MERGED from [com.android.support:recyclerview-v7:26.1.0] AndroidManifest.xml:23:9-25:38
MERGED from [com.android.support:support-fragment:26.1.0] AndroidManifest.xml:26:9-28:38
MERGED from [com.android.support:support-fragment:26.1.0] AndroidManifest.xml:26:9-28:38
MERGED from [com.android.support:support-core-ui:26.1.0] AndroidManifest.xml:26:9-28:38
MERGED from [com.android.support:support-core-ui:26.1.0] AndroidManifest.xml:26:9-28:38
MERGED from [com.android.support:support-vector-drawable:26.1.0] AndroidManifest.xml:23:9-25:38
MERGED from [com.android.support:support-vector-drawable:26.1.0] AndroidManifest.xml:23:9-25:38
MERGED from [com.android.support:support-media-compat:26.1.0] AndroidManifest.xml:26:9-28:38
MERGED from [com.android.support:support-media-compat:26.1.0] AndroidManifest.xml:26:9-28:38
MERGED from [com.android.support:support-core-utils:26.1.0] AndroidManifest.xml:26:9-28:38
MERGED from [com.android.support:support-core-utils:26.1.0] AndroidManifest.xml:26:9-28:38
MERGED from [com.android.support:support-compat:26.1.0] AndroidManifest.xml:26:9-28:38
MERGED from [com.android.support:support-compat:26.1.0] AndroidManifest.xml:26:9-28:38
	android:value
		ADDED from [com.android.support:design:26.1.0] AndroidManifest.xml:28:13-35
	android:name
		ADDED from [com.android.support:design:26.1.0] AndroidManifest.xml:27:13-51
meta-data#android.arch.lifecycle.VERSION
ADDED from [android.arch.lifecycle:runtime:1.0.0] AndroidManifest.xml:25:9-27:47
	android:value
		ADDED from [android.arch.lifecycle:runtime:1.0.0] AndroidManifest.xml:27:13-44
	android:name
		ADDED from [android.arch.lifecycle:runtime:1.0.0] AndroidManifest.xml:26:13-58